Using pre-set license
Built from '2020.2/staging' branch; Version is '2020.2.0b13 (655e1a328b90) revision 6643226'; Using compiler version '192528614'; Build Type 'Release'
OS: 'Windows 10  (10.0.0) 64bit' Language: 'en' Physical Memory: 32692 MB
BatchMode: 1, IsHumanControllingUs: 0, StartBugReporterOnCrash: 0, Is64bit: 1, IsPro: 0

 COMMAND LINE ARGUMENTS:
D:\GameDesign\Unity\Unity 2020.2.0b13\Editor\Unity.exe
-adb2
-batchMode
-noUpm
-name
AssetImportWorker0
-projectPath
F:/GitHub/RPG Combat Creator/RPG Combat Master
-logFile
Logs/AssetImportWorker0.log
-srvPort
55940
Successfully changed project path to: F:/GitHub/RPG Combat Creator/RPG Combat Master
F:/GitHub/RPG Combat Creator/RPG Combat Master
Using Asset Import Pipeline V2.
Refreshing native plugins compatible for Editor in 16.66 ms, found 0 plugins.
Preloading 0 native plugins for Editor in 0.00 ms.
Initialize engine version: 2020.2.0b13 (655e1a328b90)
[Subsystems] Discovering subsystems at path D:/GameDesign/Unity/Unity 2020.2.0b13/Editor/Data/Resources/UnitySubsystems
[Subsystems] Discovering subsystems at path F:/GitHub/RPG Combat Creator/RPG Combat Master/Assets
GfxDevice: creating device client; threaded=0
Direct3D:
    Version:  Direct3D 11.0 [level 11.1]
    Renderer: NVIDIA GeForce GTX 1060 6GB (ID=0x1c03)
    Vendor:   
    VRAM:     6052 MB
    Driver:   27.21.14.6140
Initialize mono
Mono path[0] = 'D:/GameDesign/Unity/Unity 2020.2.0b13/Editor/Data/Managed'
Mono path[1] = 'D:/GameDesign/Unity/Unity 2020.2.0b13/Editor/Data/MonoBleedingEdge/lib/mono/unityjit'
Mono config path = 'D:/GameDesign/Unity/Unity 2020.2.0b13/Editor/Data/MonoBleedingEdge/etc'
Using monoOptions --debugger-agent=transport=dt_socket,embedding=1,server=y,suspend=n,address=127.0.0.1:56524
Begin MonoManager ReloadAssembly
Registering precompiled unity dll's ...
Register platform support module: D:/GameDesign/Unity/Unity 2020.2.0b13/Editor/Data/PlaybackEngines/WindowsStandaloneSupport/UnityEditor.WindowsStandalone.Extensions.dll
Registered in 0.000646 seconds.
Native extension for WindowsStandalone target not found
Refreshing native plugins compatible for Editor in 16.76 ms, found 0 plugins.
Preloading 0 native plugins for Editor in 0.00 ms.
Invoked RoslynAnalysisRunner static constructor.
RoslynAnalysisRunner will not be running.
RoslynAnalysisRunner has terminated.
Mono: successfully reloaded assembly
- Completed reload, in  0.584 seconds
Platform modules already initialized, skipping
Registering precompiled user dll's ...
Registered in 0.000372 seconds.
Begin MonoManager ReloadAssembly
Symbol file LoadedFromMemory doesn't match image F:\GitHub\RPG Combat Creator\RPG Combat Master\Library\PackageCache\com.unity.ext.nunit@1.0.0\net35\unity-custom\nunit.framework.dll
Native extension for WindowsStandalone target not found
Refreshing native plugins compatible for Editor in 0.18 ms, found 0 plugins.
Preloading 0 native plugins for Editor in 0.00 ms.
Invoked RoslynAnalysisRunner static constructor.
RoslynAnalysisRunner will not be running.
RoslynAnalysisRunner has terminated.
Mono: successfully reloaded assembly
- Completed reload, in  0.547 seconds
Platform modules already initialized, skipping
========================================================================
Worker process is ready to serve import requests
Launched and connected shader compiler UnityShaderCompiler.exe after 0.03 seconds
Refreshing native plugins compatible for Editor in 0.16 ms, found 0 plugins.
Preloading 0 native plugins for Editor in 0.00 ms.
Unloading 1095 Unused Serialized files (Serialized files now loaded: 0)
System memory in use before: 68.3 MB.
System memory in use after: 68.4 MB.

Unloading 10 unused Assets to reduce memory usage. Loaded Objects now: 1550.
Total: 1.143700 ms (FindLiveObjects: 0.105200 ms CreateObjectMapping: 0.027500 ms MarkObjects: 0.961600 ms  DeleteObjects: 0.049000 ms)

========================================================================
Received Import Request.
  path: Assets/Game/Character/Character.prefab
  artifactKey: Guid(937d66a0e80462b4b94e434555e496e2) Importer(815301076,1909f56bfc062723c751e8b465ee728b)
Start importing Assets/Game/Character/Character.prefab using Guid(937d66a0e80462b4b94e434555e496e2) Importer(815301076,1909f56bfc062723c751e8b465ee728b)  -> (artifact id: 'f251b87e5125bf912000e5ab33608a68') in 0.102036 seconds
  Import took 0.103751 seconds .

========================================================================
Received Prepare
Refreshing native plugins compatible for Editor in 0.44 ms, found 0 plugins.
Preloading 0 native plugins for Editor in 0.00 ms.
Unloading 3 Unused Serialized files (Serialized files now loaded: 0)
System memory in use before: 61.4 MB.
System memory in use after: 61.5 MB.

Unloading 3 unused Assets to reduce memory usage. Loaded Objects now: 1558.
Total: 1.301400 ms (FindLiveObjects: 0.093900 ms CreateObjectMapping: 0.024600 ms MarkObjects: 1.153700 ms  DeleteObjects: 0.028600 ms)

========================================================================
Received Import Request.
  Time since last request: 2.453863 seconds.
  path: Assets/Game/Character/Character.prefab
  artifactKey: Guid(937d66a0e80462b4b94e434555e496e2) Importer(815301076,1909f56bfc062723c751e8b465ee728b)
Start importing Assets/Game/Character/Character.prefab using Guid(937d66a0e80462b4b94e434555e496e2) Importer(815301076,1909f56bfc062723c751e8b465ee728b)  -> (artifact id: 'fe69078c2db43fc298a6481a89703450') in 0.014102 seconds
  Import took 0.015819 seconds .

========================================================================
Received Import Request.
  Time since last request: 1.710581 seconds.
  path: Assets/Game/Character/Character.prefab
  artifactKey: Guid(937d66a0e80462b4b94e434555e496e2) Importer(815301076,1909f56bfc062723c751e8b465ee728b)
Start importing Assets/Game/Character/Character.prefab using Guid(937d66a0e80462b4b94e434555e496e2) Importer(815301076,1909f56bfc062723c751e8b465ee728b)  -> (artifact id: '88fbd1fa198ad054e62dfbd9f6d18013') in 0.013420 seconds
  Import took 0.015161 seconds .

========================================================================
Received Prepare
Registering precompiled user dll's ...
Registered in 0.000343 seconds.
Begin MonoManager ReloadAssembly
Symbol file LoadedFromMemory doesn't match image F:\GitHub\RPG Combat Creator\RPG Combat Master\Library\PackageCache\com.unity.ext.nunit@1.0.0\net35\unity-custom\nunit.framework.dll
Native extension for WindowsStandalone target not found
Refreshing native plugins compatible for Editor in 0.17 ms, found 0 plugins.
Preloading 0 native plugins for Editor in 0.00 ms.
Invoked RoslynAnalysisRunner static constructor.
RoslynAnalysisRunner will not be running.
RoslynAnalysisRunner has terminated.
Mono: successfully reloaded assembly
- Completed reload, in  0.510 seconds
Platform modules already initialized, skipping
Refreshing native plugins compatible for Editor in 0.17 ms, found 0 plugins.
Preloading 0 native plugins for Editor in 0.00 ms.
Unloading 1090 Unused Serialized files (Serialized files now loaded: 0)
System memory in use before: 82.9 MB.
System memory in use after: 83.0 MB.

Unloading 5 unused Assets to reduce memory usage. Loaded Objects now: 1560.
Total: 1.154100 ms (FindLiveObjects: 0.093000 ms CreateObjectMapping: 0.024200 ms MarkObjects: 1.005400 ms  DeleteObjects: 0.030800 ms)

